[08/28/25 16:55:58] ERROR    director.py:294 An error occurred, please report this to the developer with your logs file:
                             ┌─────────────────────────────────────────────────────────────────────────────────────── Traceback (most recent call last) ───────────────────────────────────────────────────────────────────────────────────────┐
                             │ C:\Users\[REDACTED]\AppData\Local\Programs\Python\Python313\Lib\site-packages\cyberdrop_dl\director.py:277 in _startup_logging                                                                                    │
                             │                                                                                                                                                                                                                 │
                             │   274 │   exit_code = _C.ERROR                                                                                                                                                                                  │
                             │   275 │   try:                                                                                                                                                                                                  │
                             │   276 │   │   _setup_startup_logger(first_time_setup=first_time_setup)                                                                                                                                          │
                             │ > 277 │   │   yield                                                                                                                                                                                             │
                             │   278 │                                                                                                                                                                                                         │
                             │   279 │   except InvalidYamlError as e:                                                                                                                                                                         │
                             │   280 │   │   startup_logger.error(e.message)                                                                                                                                                                   │
                             │                                                                                                                                                                                                                 │
                             │ C:\Users\[REDACTED]\AppData\Local\Programs\Python\Python313\Lib\site-packages\cyberdrop_dl\director.py:320 in _setup_manager                                                                                      │
                             │                                                                                                                                                                                                                 │
                             │   317 │   │   │   │   manager.validate_all_configs()                                                                                                                                                            │
                             │   318 │   │   │                                                                                                                                                                                                 │
                             │   319 │   │   │   if not manager.parsed_args.cli_only_args.download:                                                                                                                                            │
                             │ > 320 │   │   │   │   ProgramUI(manager)                                                                                                                                                                        │
                             │   321 │   │                                                                                                                                                                                                     │
                             │   322 │   │   except ValidationError as e:                                                                                                                                                                      │
                             │   323 │   │   │   sources = {                                                                                                                                                                                   │
                             │                                                                                                                                                                                                                 │
                             │ C:\Users\[REDACTED]\AppData\Local\Programs\Python\Python313\Lib\site-packages\cyberdrop_dl\ui\program_ui.py:55 in __init__                                                                                        │
                             │                                                                                                                                                                                                                 │
                             │    52 │   def __init__(self, manager: Manager, run: bool = True) -> None:                                                                                                                                       │
                             │    53 │   │   self.manager = manager                                                                                                                                                                            │
                             │    54 │   │   if run:                                                                                                                                                                                           │
                             │ >  55 │   │   │   self.run()                                                                                                                                                                                    │
                             │    56 │                                                                                                                                                                                                         │
                             │    57 │   @staticmethod                                                                                                                                                                                         │
                             │    58 │   def print_error(msg: str, critical: bool = False) -> None:                                                                                                                                            │
                             │                                                                                                                                                                                                                 │
                             │ C:\Users\[REDACTED]\AppData\Local\Programs\Python\Python313\Lib\site-packages\cyberdrop_dl\ui\program_ui.py:45 in wrapper                                                                                         │
                             │                                                                                                                                                                                                                 │
                             │    42 │   def wrapper(*args, **kwargs) -> R:                                                                                                                                                                    │
                             │    43 │   │   done = False                                                                                                                                                                                      │
                             │    44 │   │   while not done:                                                                                                                                                                                   │
                             │ >  45 │   │   │   done = func(*args, **kwargs)                                                                                                                                                                  │
                             │    46 │   │   return done                                                                                                                                                                                       │
                             │    47 │                                                                                                                                                                                                         │
                             │    48 │   return wrapper                                                                                                                                                                                        │
                             │                                                                                                                                                                                                                 │
                             │ C:\Users\[REDACTED]\AppData\Local\Programs\Python\Python313\Lib\site-packages\cyberdrop_dl\ui\program_ui.py:82 in run                                                                                             │
                             │                                                                                                                                                                                                                 │
                             │    79 │   │   │   9: self._view_changelog,                                                                                                                                                                      │
                             │    80 │   │   }                                                                                                                                                                                                 │
                             │    81 │   │                                                                                                                                                                                                     │
                             │ >  82 │   │   answer = user_prompts.main_prompt(self.manager)                                                                                                                                                   │
                             │    83 │   │   result = self._process_answer(answer, options_map)                                                                                                                                                │
                             │    84 │   │   return_to_main = result and result != DONE_CHOICE                                                                                                                                                 │
                             │    85 │   │   if return_to_main:                                                                                                                                                                                │
                             │                                                                                                                                                                                                                 │
                             │ C:\Users\[REDACTED]\AppData\Local\Programs\Python\Python313\Lib\site-packages\cyberdrop_dl\ui\prompts\user_prompts.py:58 in main_prompt                                                                           │
                             │                                                                                                                                                                                                                 │
                             │    55 │   if not simp_disclaimer_shown:                                                                                                                                                                         │
                             │    56 │   │   prompt_options["long_instruction"] = "ENTER: view disclaimer"                                                                                                                                     │
                             │    57 │                                                                                                                                                                                                         │
                             │ >  58 │   return basic_prompts.ask_choice(choices, **prompt_options)                                                                                                                                            │
                             │    59                                                                                                                                                                                                           │
                             │    60                                                                                                                                                                                                           │
                             │    61 """ ~~~~~~~~~~~~~~~~~~~~~~~~~~~~~~~~~~~~~~~~~ MANAGE CONFIG PROMPTS                                                                                                                                       │
                             │       ~~~~~~~~~~~~~~~~~~~~~~~~~~~~~~~~~~~~~~~~~~~~~~~~~~"""                                                                                                                                                     │
                             │                                                                                                                                                                                                                 │
                             │ C:\Users\[REDACTED]\AppData\Local\Programs\Python\Python313\Lib\site-packages\cyberdrop_dl\ui\prompts\basic_prompts.py:23 in ask_choice                                                                           │
                             │                                                                                                                                                                                                                 │
                             │    20                                                                                                                                                                                                           │
                             │    21 def ask_choice(choices: list[Choice], *, message: str = "What would you like to do:",                                                                                                                     │
                             │       **kwargs):                                                                                                                                                                                                │
                             │    22 │   options = DEFAULT_OPTIONS | kwargs                                                                                                                                                                    │
                             │ >  23 │   return inquirer.select(message=message, choices=choices, **options).execute()                                                                                                                         │
                             │    24                                                                                                                                                                                                           │
                             │    25                                                                                                                                                                                                           │
                             │    26 def ask_multi_choice(choices: list[Choice], *, message: str = "What would you like to                                                                                                                     │
                             │       do:", **kwargs):                                                                                                                                                                                          │
                             │                                                                                                                                                                                                                 │
                             │ C:\Users\[REDACTED]\AppData\Local\Programs\Python\Python313\Lib\site-packages\InquirerPy\prompts\list.py:277 in __init__                                                                                          │
                             │                                                                                                                                                                                                                 │
                             │   274 │   │   │   ],                                                                                                                                                                                            │
                             │   275 │   │   )                                                                                                                                                                                                 │
                             │   276 │   │                                                                                                                                                                                                     │
                             │ > 277 │   │   self.application = Application(                                                                                                                                                                   │
                             │   278 │   │   │   layout=Layout(self._layout),                                                                                                                                                                  │
                             │   279 │   │   │   style=self._style,                                                                                                                                                                            │
                             │   280 │   │   │   key_bindings=self._kb,                                                                                                                                                                        │
                             │                                                                                                                                                                                                                 │
                             │ C:\Users\[REDACTED]\AppData\Local\Programs\Python\Python313\Lib\site-packages\prompt_toolkit\application\application.py:267 in __init__                                                                           │
                             │                                                                                                                                                                                                                 │
                             │    264 │   │                                                                                                                                                                                                    │
                             │    265 │   │   # I/O.                                                                                                                                                                                           │
                             │    266 │   │   session = get_app_session()                                                                                                                                                                      │
                             │ >  267 │   │   self.output = output or session.output                                                                                                                                                           │
                             │    268 │   │   self.input = input or session.input                                                                                                                                                              │
                             │    269 │   │                                                                                                                                                                                                    │
                             │    270 │   │   # List of 'extra' functions to execute before a Application.run.                                                                                                                                 │
                             │                                                                                                                                                                                                                 │
                             │ C:\Users\[REDACTED]\AppData\Local\Programs\Python\Python313\Lib\site-packages\prompt_toolkit\application\current.py:67 in output                                                                                  │
                             │                                                                                                                                                                                                                 │
                             │    64 │   │   if self._output is None:                                                                                                                                                                          │
                             │    65 │   │   │   from prompt_toolkit.output.defaults import create_output                                                                                                                                      │
                             │    66 │   │   │                                                                                                                                                                                                 │
                             │ >  67 │   │   │   self._output = create_output()                                                                                                                                                                │
                             │    68 │   │   return self._output                                                                                                                                                                               │
                             │    69                                                                                                                                                                                                           │
                             │    70                                                                                                                                                                                                           │
                             │                                                                                                                                                                                                                 │
                             │ C:\Users\[REDACTED]\AppData\Local\Programs\Python\Python313\Lib\site-packages\prompt_toolkit\output\defaults.py:91 in create_output                                                                               │
                             │                                                                                                                                                                                                                 │
                             │    88 │   │   │   │   Output, ConEmuOutput(stdout, default_color_depth=color_depth_from_env)                                                                                                                    │
                             │    89 │   │   │   )                                                                                                                                                                                             │
                             │    90 │   │   else:                                                                                                                                                                                             │
                             │ >  91 │   │   │   return Win32Output(stdout, default_color_depth=color_depth_from_env)                                                                                                                          │
                             │    92 │   else:                                                                                                                                                                                                 │
                             │    93 │   │   from .vt100 import Vt100_Output                                                                                                                                                                   │
                             │    94                                                                                                                                                                                                           │
                             │                                                                                                                                                                                                                 │
                             │ C:\Users\[REDACTED]\AppData\Local\Programs\Python\Python313\Lib\site-packages\prompt_toolkit\output\win32.py:115 in __init__                                                                                      │
                             │                                                                                                                                                                                                                 │
                             │   112 │   │   self.color_lookup_table = ColorLookupTable()                                                                                                                                                      │
                             │   113 │   │                                                                                                                                                                                                     │
                             │   114 │   │   # Remember the default console colors.                                                                                                                                                            │
                             │ > 115 │   │   info = self.get_win32_screen_buffer_info()                                                                                                                                                        │
                             │   116 │   │   self.default_attrs = info.wAttributes if info else 15                                                                                                                                             │
                             │   117 │   │                                                                                                                                                                                                     │
                             │   118 │   │   if _DEBUG_RENDER_OUTPUT:                                                                                                                                                                          │
                             │                                                                                                                                                                                                                 │
                             │ C:\Users\[REDACTED]\AppData\Local\Programs\Python\Python313\Lib\site-packages\prompt_toolkit\output\win32.py:219 in get_win32_screen_buffer_info                                                                  │
                             │                                                                                                                                                                                                                 │
                             │   216 │   │   if success:                                                                                                                                                                                       │
                             │   217 │   │   │   return sbinfo                                                                                                                                                                                 │
                             │   218 │   │   else:                                                                                                                                                                                             │
                             │ > 219 │   │   │   raise NoConsoleScreenBufferError                                                                                                                                                              │
                             │   220 │                                                                                                                                                                                                         │
                             │   221 │   def set_title(self, title: str) -> None:                                                                                                                                                              │
                             │   222 │   │   """                                                                                                                                                                                               │
                             └─────────────────────────────────────────────────────────────────────────────────────────────────────────────────────────────────────────────────────────────────────────────────────────────────────────────────┘
                             NoConsoleScreenBufferError: No Windows console found. Are you running cmd.exe?                                                                                                                                     
